TN:
SF:/home/glenn/src/github.com/gmlewis/flutter-stylizer/out/extension.js
FN:4,activate
FN:6,(anonymous_1)
FN:18,deactivate
FNF:3
FNH:0
FNDA:0,activate
FNDA:0,(anonymous_1)
FNDA:0,deactivate
DA:2,0
DA:3,0
DA:5,0
DA:6,0
DA:7,0
DA:8,0
DA:9,0
DA:11,0
DA:12,0
DA:13,0
DA:15,0
DA:17,0
DA:20,0
LF:13
LH:0
BRDA:8,0,0,0
BRDA:8,0,1,0
BRF:2
BRH:0
end_of_record
TN:
SF:/home/glenn/src/github.com/gmlewis/flutter-stylizer/out/test/index.js
FNF:0
FNH:0
DA:13,0
DA:14,0
DA:17,0
DA:21,0
LF:4
LH:0
BRF:0
BRH:0
end_of_record
